TN:
SF:src/cli.ts
FN:25,spawnStet
FN:73,spawnStetStream
FNF:2
FNH:2
FNDA:5,spawnStet
FNDA:3,spawnStetStream
DA:1,1
DA:25,1
DA:26,5
DA:27,5
DA:28,5
DA:29,5
DA:30,5
DA:31,5
DA:32,5
DA:33,5
DA:34,5
DA:35,5
DA:36,5
DA:37,5
DA:38,5
DA:39,5
DA:40,5
DA:41,3
DA:42,3
DA:43,2
DA:44,1
DA:45,1
DA:46,0
DA:47,3
DA:48,3
DA:49,3
DA:50,3
DA:51,3
DA:52,5
DA:53,5
DA:54,1
DA:55,1
DA:56,1
DA:57,1
DA:58,1
DA:59,5
DA:60,5
DA:61,5
DA:73,1
DA:74,3
DA:75,3
DA:76,3
DA:77,3
DA:78,3
DA:79,3
DA:80,3
DA:81,3
DA:82,3
DA:83,3
DA:84,3
DA:85,3
DA:86,3
DA:87,3
DA:88,3
DA:89,3
DA:90,3
DA:91,3
DA:92,3
DA:93,2
DA:94,2
DA:95,3
DA:96,3
DA:97,3
DA:98,3
DA:99,3
DA:100,3
DA:101,0
DA:102,0
DA:103,0
DA:104,3
DA:105,3
DA:106,1
DA:107,1
DA:108,3
DA:109,3
DA:110,3
DA:111,3
DA:112,0
DA:113,0
DA:114,3
DA:115,3
DA:116,3
LF:82
LH:76
BRDA:25,0,0,5
BRDA:30,1,0,5
BRDA:38,2,0,1
BRDA:39,3,0,1
BRDA:40,4,0,3
BRDA:42,5,0,2
BRDA:42,6,0,2
BRDA:43,7,0,1
BRDA:45,8,0,0
BRDA:53,9,0,1
BRDA:73,10,0,3
BRDA:80,11,0,3
BRDA:88,12,0,3
BRDA:91,13,0,0
BRDA:92,14,0,2
BRDA:96,15,0,2
BRDA:97,16,0,3
BRDA:100,17,0,0
BRDA:105,18,0,1
BRF:19
BRH:16
end_of_record
TN:
SF:src/contract.ts
FNF:0
FNH:0
DA:6,1
DA:7,1
DA:8,1
DA:9,1
DA:10,1
DA:11,1
DA:14,1
DA:15,1
DA:16,1
DA:17,1
DA:18,1
DA:19,1
DA:20,1
DA:21,1
DA:22,1
DA:23,1
DA:24,1
DA:25,1
LF:18
LH:18
BRF:0
BRH:0
end_of_record
TN:
SF:src/copyForChat.ts
FN:11,severityToAdmonition
FN:28,categoryToTitle
FN:36,lineForFragment
FN:45,linePartForLabel
FN:61,buildCopyForChatBlock
FNF:5
FNH:5
FNDA:9,severityToAdmonition
FNDA:9,categoryToTitle
FNDA:9,lineForFragment
FNDA:9,linePartForLabel
FNDA:9,buildCopyForChatBlock
DA:1,1
DA:11,9
DA:12,9
DA:13,9
DA:14,3
DA:15,9
DA:16,3
DA:17,9
DA:18,9
DA:19,3
DA:20,9
DA:21,0
DA:22,9
DA:23,9
DA:28,9
DA:29,9
DA:30,9
DA:31,9
DA:36,9
DA:37,9
DA:38,9
DA:39,1
DA:40,1
DA:45,9
DA:46,9
DA:47,1
DA:48,1
DA:49,9
DA:50,1
DA:51,1
DA:61,1
DA:62,9
DA:63,9
DA:64,9
DA:65,9
DA:66,9
DA:67,9
DA:68,9
DA:69,9
DA:70,9
DA:72,9
DA:73,9
DA:74,9
DA:76,9
DA:77,9
DA:78,9
DA:79,9
DA:81,9
DA:82,9
LF:49
LH:48
BRDA:11,0,0,9
BRDA:13,1,0,3
BRDA:15,2,0,3
BRDA:17,3,0,2
BRDA:18,4,0,3
BRDA:20,5,0,0
BRDA:28,6,0,9
BRDA:29,7,0,0
BRDA:36,8,0,9
BRDA:37,9,0,8
BRDA:37,10,0,1
BRDA:38,11,0,0
BRDA:38,12,0,0
BRDA:38,13,0,1
BRDA:45,14,0,9
BRDA:46,15,0,1
BRDA:48,16,0,8
BRDA:49,17,0,7
BRDA:49,18,0,1
BRDA:61,19,0,9
BRDA:78,20,0,11
BRF:21
BRH:17
end_of_record
TN:
SF:src/findingsPanel.ts
FN:21,FindingsTreeDataProvider
FN:30,getChildren
FN:43,getTreeItem
FN:81,setScanning
FN:86,setFindings
FN:92,clear
FN:105,createFindingsPanel
FNF:7
FNH:6
FNDA:8,FindingsTreeDataProvider
FNDA:5,getChildren
FNDA:3,getTreeItem
FNDA:2,setScanning
FNDA:4,setFindings
FNDA:1,clear
FNDA:0,createFindingsPanel
DA:1,1
DA:17,1
DA:19,1
DA:21,8
DA:22,8
DA:24,8
DA:25,8
DA:27,8
DA:28,8
DA:30,1
DA:31,5
DA:32,0
DA:33,0
DA:34,5
DA:35,1
DA:36,1
DA:37,5
DA:38,2
DA:39,2
DA:40,2
DA:41,5
DA:43,1
DA:44,3
DA:45,1
DA:46,1
DA:47,1
DA:48,1
DA:49,2
DA:50,2
DA:51,2
DA:52,1
DA:53,1
DA:54,1
DA:55,0
DA:56,3
DA:57,3
DA:58,3
DA:59,3
DA:60,3
DA:61,3
DA:63,3
DA:64,3
DA:65,3
DA:66,3
DA:67,3
DA:68,3
DA:69,3
DA:70,3
DA:71,3
DA:72,3
DA:73,3
DA:74,3
DA:75,3
DA:76,3
DA:77,3
DA:78,3
DA:79,3
DA:81,1
DA:82,2
DA:83,2
DA:84,2
DA:86,1
DA:87,4
DA:88,4
DA:89,4
DA:90,4
DA:92,1
DA:93,1
DA:94,1
DA:95,1
DA:96,1
DA:97,1
DA:99,1
DA:105,1
DA:106,0
DA:107,0
DA:108,0
DA:109,0
DA:110,0
DA:111,0
DA:112,0
DA:113,0
LF:82
LH:71
BRDA:21,0,0,8
BRDA:30,1,0,5
BRDA:31,2,0,0
BRDA:34,3,0,1
BRDA:36,4,0,4
BRDA:37,5,0,2
BRDA:40,6,0,3
BRDA:43,7,0,3
BRDA:44,8,0,1
BRDA:48,9,0,2
BRDA:51,10,0,1
BRDA:52,11,0,1
BRDA:54,12,0,0
BRDA:81,13,0,2
BRDA:86,14,0,4
BRDA:92,15,0,1
BRF:16
BRH:14
end_of_record
TN:
SF:src/finishReview.ts
FN:14,runFinishReview
FNF:1
FNH:1
FNDA:3,runFinishReview
DA:1,1
DA:14,3
DA:15,3
DA:16,3
DA:17,3
DA:18,3
DA:19,3
DA:20,1
DA:21,1
DA:22,1
DA:23,2
DA:24,2
LF:12
LH:12
BRDA:14,0,0,3
BRDA:19,1,0,1
BRDA:22,2,0,2
BRF:3
BRH:3
end_of_record
TN:
SF:src/openFinding.ts
FN:16,rangeFromFragment
FN:39,openFinding
FN:91,selectionFromFinding
FNF:3
FNH:3
FNDA:9,rangeFromFragment
FNDA:4,openFinding
FNDA:3,selectionFromFinding
DA:1,1
DA:16,1
DA:17,9
DA:18,8
DA:19,8
DA:20,9
DA:21,3
DA:22,3
DA:23,2
DA:24,2
DA:25,5
DA:26,9
DA:27,2
DA:28,2
DA:29,2
DA:30,2
DA:31,2
DA:32,3
DA:33,3
DA:39,4
DA:40,4
DA:41,4
DA:42,4
DA:43,4
DA:44,4
DA:46,4
DA:47,2
DA:48,2
DA:49,2
DA:50,1
DA:51,1
DA:52,1
DA:53,0
DA:54,1
DA:55,0
DA:56,0
DA:57,0
DA:58,0
DA:59,0
DA:60,0
DA:61,0
DA:62,1
DA:63,0
DA:64,1
DA:65,0
DA:66,0
DA:67,0
DA:68,0
DA:69,0
DA:70,0
DA:71,0
DA:72,2
DA:73,0
DA:74,0
DA:75,0
DA:76,2
DA:77,1
DA:78,1
DA:79,1
DA:80,2
DA:81,2
DA:82,2
DA:83,2
DA:85,4
DA:86,4
DA:87,0
DA:88,4
DA:89,4
DA:91,3
DA:92,3
DA:93,1
DA:94,1
DA:95,1
DA:96,1
DA:97,1
DA:98,1
DA:99,1
DA:100,2
DA:101,2
DA:102,2
DA:103,2
DA:104,2
DA:105,0
DA:106,0
LF:84
LH:62
BRDA:16,0,0,9
BRDA:17,1,0,8
BRDA:17,2,0,1
BRDA:17,3,0,8
BRDA:20,4,0,3
BRDA:22,5,0,1
BRDA:22,6,0,2
BRDA:24,7,0,5
BRDA:26,8,0,2
BRDA:29,9,0,0
BRDA:31,10,0,3
BRDA:39,11,0,4
BRDA:46,12,0,2
BRDA:49,13,0,0
BRDA:49,14,0,1
BRDA:52,15,0,0
BRDA:54,16,0,0
BRDA:54,17,0,0
BRDA:62,18,0,0
BRDA:64,19,0,0
BRDA:72,20,0,0
BRDA:76,21,0,1
BRDA:86,22,0,0
BRDA:91,23,0,3
BRDA:92,24,0,1
BRDA:99,25,0,2
BRDA:102,26,0,0
BRDA:104,27,0,0
BRF:28
BRH:17
end_of_record
TN:
SF:src/parse.ts
FN:14,isSeverity
FN:18,isCategory
FN:22,validateLineRange
FN:33,validateFinding
FN:55,parseFindingsJSON
FN:92,parseFindingsNDJSON
FN:127,parseStreamEvent
FNF:7
FNH:7
FNDA:12,isSeverity
FNDA:11,isCategory
FNDA:2,validateLineRange
FNDA:14,validateFinding
FNDA:21,parseFindingsJSON
FNDA:7,parseFindingsNDJSON
FNDA:6,parseStreamEvent
DA:1,1
DA:14,12
DA:15,12
DA:16,12
DA:18,11
DA:19,11
DA:20,11
DA:22,2
DA:23,2
DA:24,2
DA:25,2
DA:26,2
DA:27,1
DA:28,1
DA:29,1
DA:31,2
DA:33,14
DA:34,14
DA:35,14
DA:36,14
DA:37,14
DA:38,14
DA:39,14
DA:40,14
DA:41,14
DA:42,14
DA:43,14
DA:44,14
DA:45,14
DA:46,6
DA:47,6
DA:55,1
DA:56,21
DA:57,21
DA:58,2
DA:59,2
DA:60,19
DA:61,19
DA:62,19
DA:63,21
DA:64,2
DA:65,2
DA:66,2
DA:67,21
DA:68,3
DA:69,3
DA:70,14
DA:71,21
DA:72,3
DA:73,3
DA:74,11
DA:75,21
DA:76,9
DA:77,9
DA:78,7
DA:79,7
DA:80,2
DA:81,2
DA:82,4
DA:83,4
DA:92,1
DA:93,7
DA:94,7
DA:95,7
DA:96,7
DA:97,7
DA:98,7
DA:99,7
DA:100,2
DA:101,2
DA:102,2
DA:103,7
DA:104,0
DA:105,0
DA:106,5
DA:107,7
DA:108,1
DA:109,1
DA:110,7
DA:111,3
DA:112,3
DA:113,0
DA:114,0
DA:115,3
DA:116,3
DA:117,4
DA:118,4
DA:119,4
DA:127,1
DA:128,6
DA:129,6
DA:130,0
DA:131,0
DA:132,6
DA:133,6
DA:134,6
DA:135,6
DA:136,1
DA:137,1
DA:138,1
DA:139,6
DA:140,0
DA:141,0
DA:142,5
DA:143,5
DA:144,6
DA:145,1
DA:146,0
DA:147,0
DA:148,1
DA:149,1
DA:150,6
DA:151,2
DA:152,1
DA:153,1
DA:154,1
DA:155,1
DA:156,6
DA:157,1
DA:158,1
DA:159,1
DA:160,1
LF:122
LH:112
BRDA:14,0,0,12
BRDA:18,1,0,11
BRDA:22,2,0,2
BRDA:23,3,0,0
BRDA:26,4,0,1
BRDA:27,5,0,1
BRDA:28,6,0,1
BRDA:33,7,0,14
BRDA:34,8,0,0
BRDA:36,9,0,13
BRDA:36,10,0,2
BRDA:36,11,0,12
BRDA:37,12,0,0
BRDA:37,13,0,12
BRDA:38,14,0,1
BRDA:38,15,0,11
BRDA:39,16,0,1
BRDA:39,17,0,10
BRDA:40,18,0,8
BRDA:40,19,0,8
BRDA:40,20,0,3
BRDA:40,21,0,7
BRDA:41,22,0,3
BRDA:41,23,0,0
BRDA:41,24,0,7
BRDA:42,25,0,3
BRDA:42,26,0,0
BRDA:42,27,0,7
BRDA:43,28,0,2
BRDA:43,29,0,1
BRDA:43,30,0,6
BRDA:44,31,0,1
BRDA:44,32,0,0
BRDA:44,33,0,6
BRDA:45,34,0,1
BRDA:45,35,0,0
BRDA:45,36,0,6
BRDA:55,37,0,21
BRDA:57,38,0,2
BRDA:59,39,0,19
BRDA:63,40,0,2
BRDA:64,41,0,0
BRDA:66,42,0,17
BRDA:67,43,0,16
BRDA:67,44,0,15
BRDA:67,45,0,3
BRDA:69,46,0,14
BRDA:71,47,0,3
BRDA:73,48,0,11
BRDA:75,49,0,9
BRDA:77,50,0,7
BRDA:79,51,0,2
BRDA:81,52,0,4
BRDA:92,53,0,7
BRDA:99,54,0,2
BRDA:100,55,0,0
BRDA:102,56,0,5
BRDA:103,57,0,0
BRDA:105,58,0,5
BRDA:107,59,0,1
BRDA:109,60,0,4
BRDA:110,61,0,3
BRDA:112,62,0,0
BRDA:116,63,0,4
BRDA:93,64,0,15
BRDA:93,65,0,15
BRDA:127,66,0,6
BRDA:129,67,0,0
BRDA:135,68,0,1
BRDA:136,69,0,0
BRDA:138,70,0,5
BRDA:139,71,0,5
BRDA:139,72,0,0
BRDA:141,73,0,5
BRDA:144,74,0,1
BRDA:145,75,0,0
BRDA:149,76,0,4
BRDA:150,77,0,2
BRDA:151,78,0,1
BRDA:156,79,0,1
BRF:80
BRH:65
end_of_record
