TN:
SF:src/cli.ts
FN:28,spawnStet
FN:79,spawnStetStream
FN:96,finish
FNF:3
FNH:3
FNDA:6,spawnStet
FNDA:4,spawnStetStream
FNDA:3,finish
DA:1,1
DA:8,1
DA:28,1
DA:29,6
DA:30,6
DA:31,6
DA:32,6
DA:33,6
DA:34,1
DA:35,1
DA:36,5
DA:37,5
DA:38,5
DA:39,5
DA:40,5
DA:41,5
DA:42,5
DA:43,5
DA:44,5
DA:45,5
DA:46,5
DA:47,3
DA:48,3
DA:49,2
DA:50,1
DA:51,1
DA:52,0
DA:53,3
DA:54,3
DA:55,3
DA:56,3
DA:57,3
DA:58,5
DA:59,5
DA:60,1
DA:61,1
DA:62,1
DA:63,1
DA:64,1
DA:65,5
DA:66,5
DA:67,5
DA:79,1
DA:80,4
DA:81,4
DA:82,4
DA:83,4
DA:84,4
DA:85,4
DA:86,1
DA:87,1
DA:88,3
DA:89,3
DA:90,3
DA:94,3
DA:95,3
DA:96,3
DA:97,3
DA:98,3
DA:99,3
DA:100,3
DA:101,3
DA:102,3
DA:103,3
DA:104,3
DA:105,3
DA:106,3
DA:107,3
DA:108,3
DA:109,3
DA:110,3
DA:111,3
DA:112,2
DA:113,2
DA:114,3
DA:115,3
DA:116,3
DA:117,3
DA:118,3
DA:119,3
DA:120,0
DA:121,0
DA:122,0
DA:123,3
DA:124,3
DA:125,1
DA:126,1
DA:127,3
DA:128,3
DA:129,3
DA:130,0
DA:131,3
DA:132,3
DA:133,3
LF:94
LH:89
BRDA:28,0,0,6
BRDA:33,1,0,1
BRDA:35,2,0,5
BRDA:36,3,0,5
BRDA:44,4,0,1
BRDA:45,5,0,1
BRDA:46,6,0,3
BRDA:48,7,0,2
BRDA:48,8,0,2
BRDA:49,9,0,1
BRDA:51,10,0,0
BRDA:59,11,0,1
BRDA:79,12,0,4
BRDA:85,13,0,1
BRDA:87,14,0,3
BRDA:89,15,0,3
BRDA:96,16,0,3
BRDA:97,17,0,0
BRDA:107,18,0,3
BRDA:110,19,0,0
BRDA:111,20,0,2
BRDA:115,21,0,2
BRDA:116,22,0,3
BRDA:119,23,0,0
BRDA:124,24,0,1
BRF:25
BRH:21
end_of_record
TN:
SF:src/contract.ts
FNF:0
FNH:0
DA:6,1
DA:7,1
DA:8,1
DA:9,1
DA:10,1
DA:11,1
DA:14,1
DA:15,1
DA:16,1
DA:17,1
DA:18,1
DA:19,1
DA:20,1
DA:21,1
DA:22,1
DA:23,1
DA:24,1
DA:25,1
DA:26,1
LF:19
LH:19
BRF:0
BRH:0
end_of_record
TN:
SF:src/copyForChat.ts
FN:11,severityToAdmonition
FN:28,categoryToTitle
FN:36,lineForFragment
FN:45,linePartForLabel
FN:61,buildCopyForChatBlock
FNF:5
FNH:5
FNDA:9,severityToAdmonition
FNDA:9,categoryToTitle
FNDA:9,lineForFragment
FNDA:9,linePartForLabel
FNDA:9,buildCopyForChatBlock
DA:1,1
DA:11,9
DA:12,9
DA:13,9
DA:14,3
DA:15,9
DA:16,3
DA:17,9
DA:18,9
DA:19,3
DA:20,9
DA:21,0
DA:22,9
DA:23,9
DA:28,9
DA:29,9
DA:30,9
DA:31,9
DA:36,9
DA:37,9
DA:38,9
DA:39,1
DA:40,1
DA:45,9
DA:46,9
DA:47,1
DA:48,1
DA:49,9
DA:50,1
DA:51,1
DA:61,1
DA:62,9
DA:63,9
DA:64,9
DA:65,9
DA:66,9
DA:67,9
DA:68,9
DA:69,9
DA:70,9
DA:72,9
DA:73,9
DA:74,9
DA:76,9
DA:77,9
DA:78,9
DA:79,9
DA:81,9
DA:82,9
LF:49
LH:48
BRDA:11,0,0,9
BRDA:13,1,0,3
BRDA:15,2,0,3
BRDA:17,3,0,2
BRDA:18,4,0,3
BRDA:20,5,0,0
BRDA:28,6,0,9
BRDA:29,7,0,0
BRDA:36,8,0,9
BRDA:37,9,0,8
BRDA:37,10,0,1
BRDA:38,11,0,0
BRDA:38,12,0,0
BRDA:38,13,0,1
BRDA:45,14,0,9
BRDA:46,15,0,1
BRDA:48,16,0,8
BRDA:49,17,0,7
BRDA:49,18,0,1
BRDA:61,19,0,9
BRDA:78,20,0,11
BRF:21
BRH:17
end_of_record
TN:
SF:src/findingsPanel.ts
FN:21,FindingsTreeDataProvider
FN:30,getChildren
FN:43,getTreeItem
FN:81,setScanning
FN:86,setFindings
FN:92,clear
FN:105,createFindingsPanel
FNF:7
FNH:6
FNDA:8,FindingsTreeDataProvider
FNDA:5,getChildren
FNDA:3,getTreeItem
FNDA:2,setScanning
FNDA:4,setFindings
FNDA:1,clear
FNDA:0,createFindingsPanel
DA:1,1
DA:17,1
DA:19,1
DA:21,8
DA:22,8
DA:24,8
DA:25,8
DA:27,8
DA:28,8
DA:30,1
DA:31,5
DA:32,0
DA:33,0
DA:34,5
DA:35,1
DA:36,1
DA:37,5
DA:38,2
DA:39,2
DA:40,2
DA:41,5
DA:43,1
DA:44,3
DA:45,1
DA:46,1
DA:47,1
DA:48,1
DA:49,2
DA:50,2
DA:51,2
DA:52,1
DA:53,1
DA:54,1
DA:55,0
DA:56,3
DA:57,3
DA:58,3
DA:59,3
DA:60,3
DA:61,3
DA:63,3
DA:64,3
DA:65,3
DA:66,3
DA:67,3
DA:68,3
DA:69,3
DA:70,3
DA:71,3
DA:72,3
DA:73,3
DA:74,3
DA:75,3
DA:76,3
DA:77,3
DA:78,3
DA:79,3
DA:81,1
DA:82,2
DA:83,2
DA:84,2
DA:86,1
DA:87,4
DA:88,4
DA:89,4
DA:90,4
DA:92,1
DA:93,1
DA:94,1
DA:95,1
DA:96,1
DA:97,1
DA:99,1
DA:105,1
DA:106,0
DA:107,0
DA:108,0
DA:109,0
DA:110,0
DA:111,0
DA:112,0
DA:113,0
LF:82
LH:71
BRDA:21,0,0,8
BRDA:30,1,0,5
BRDA:31,2,0,0
BRDA:34,3,0,1
BRDA:36,4,0,4
BRDA:37,5,0,2
BRDA:40,6,0,3
BRDA:43,7,0,3
BRDA:44,8,0,1
BRDA:48,9,0,2
BRDA:51,10,0,1
BRDA:52,11,0,1
BRDA:54,12,0,0
BRDA:81,13,0,2
BRDA:86,14,0,4
BRDA:92,15,0,1
BRF:16
BRH:14
end_of_record
TN:
SF:src/finishReview.ts
FN:14,runFinishReview
FNF:1
FNH:1
FNDA:4,runFinishReview
DA:1,1
DA:14,4
DA:15,4
DA:16,4
DA:17,4
DA:18,4
DA:19,4
DA:20,2
DA:21,2
DA:22,2
DA:23,1
DA:24,1
DA:26,1
DA:27,2
DA:28,2
DA:29,2
DA:30,2
LF:17
LH:17
BRDA:14,0,0,4
BRDA:19,1,0,2
BRDA:22,2,0,1
BRDA:23,3,0,0
BRDA:24,4,0,0
BRF:5
BRH:3
end_of_record
TN:
SF:src/openFinding.ts
FN:16,rangeFromFragment
FN:39,openFinding
FN:91,selectionFromFinding
FNF:3
FNH:3
FNDA:9,rangeFromFragment
FNDA:4,openFinding
FNDA:3,selectionFromFinding
DA:1,1
DA:16,1
DA:17,9
DA:18,8
DA:19,8
DA:20,9
DA:21,3
DA:22,3
DA:23,2
DA:24,2
DA:25,5
DA:26,9
DA:27,2
DA:28,2
DA:29,2
DA:30,2
DA:31,2
DA:32,3
DA:33,3
DA:39,4
DA:40,4
DA:41,4
DA:42,4
DA:43,4
DA:44,4
DA:46,4
DA:47,2
DA:48,2
DA:49,2
DA:50,1
DA:51,1
DA:52,1
DA:53,0
DA:54,1
DA:55,0
DA:56,0
DA:57,0
DA:58,0
DA:59,0
DA:60,0
DA:61,0
DA:62,1
DA:63,0
DA:64,1
DA:65,0
DA:66,0
DA:67,0
DA:68,0
DA:69,0
DA:70,0
DA:71,0
DA:72,2
DA:73,0
DA:74,0
DA:75,0
DA:76,2
DA:77,1
DA:78,1
DA:79,1
DA:80,2
DA:81,2
DA:82,2
DA:83,2
DA:85,4
DA:86,4
DA:87,0
DA:88,4
DA:89,4
DA:91,3
DA:92,3
DA:93,1
DA:94,1
DA:95,1
DA:96,1
DA:97,1
DA:98,1
DA:99,1
DA:100,2
DA:101,2
DA:102,2
DA:103,2
DA:104,2
DA:105,0
DA:106,0
LF:84
LH:62
BRDA:16,0,0,9
BRDA:17,1,0,8
BRDA:17,2,0,1
BRDA:17,3,0,8
BRDA:20,4,0,3
BRDA:22,5,0,1
BRDA:22,6,0,2
BRDA:24,7,0,5
BRDA:26,8,0,2
BRDA:29,9,0,0
BRDA:31,10,0,3
BRDA:39,11,0,4
BRDA:46,12,0,2
BRDA:49,13,0,0
BRDA:49,14,0,1
BRDA:52,15,0,0
BRDA:54,16,0,0
BRDA:54,17,0,0
BRDA:62,18,0,0
BRDA:64,19,0,0
BRDA:72,20,0,0
BRDA:76,21,0,1
BRDA:86,22,0,0
BRDA:91,23,0,3
BRDA:92,24,0,1
BRDA:99,25,0,2
BRDA:102,26,0,0
BRDA:104,27,0,0
BRF:28
BRH:17
end_of_record
TN:
SF:src/parse.ts
FN:17,isSeverity
FN:21,isCategory
FN:25,validateLineRange
FN:36,validateFinding
FN:58,parseFindingsJSON
FN:95,parseFindingsNDJSON
FN:130,parseStreamEvent
FNF:7
FNH:7
FNDA:12,isSeverity
FNDA:11,isCategory
FNDA:2,validateLineRange
FNDA:14,validateFinding
FNDA:21,parseFindingsJSON
FNDA:7,parseFindingsNDJSON
FNDA:9,parseStreamEvent
DA:1,1
DA:9,1
DA:17,12
DA:18,12
DA:19,12
DA:21,11
DA:22,11
DA:23,11
DA:25,2
DA:26,2
DA:27,2
DA:28,2
DA:29,2
DA:30,1
DA:31,1
DA:32,1
DA:34,2
DA:36,14
DA:37,14
DA:38,14
DA:39,14
DA:40,14
DA:41,14
DA:42,14
DA:43,14
DA:44,14
DA:45,14
DA:46,14
DA:47,14
DA:48,14
DA:49,6
DA:50,6
DA:58,1
DA:59,21
DA:60,21
DA:61,2
DA:62,2
DA:63,19
DA:64,19
DA:65,19
DA:66,21
DA:67,2
DA:68,2
DA:69,2
DA:70,21
DA:71,3
DA:72,3
DA:73,14
DA:74,21
DA:75,3
DA:76,3
DA:77,11
DA:78,21
DA:79,9
DA:80,9
DA:81,7
DA:82,7
DA:83,2
DA:84,2
DA:85,4
DA:86,4
DA:95,1
DA:96,7
DA:97,7
DA:98,7
DA:99,7
DA:100,7
DA:101,7
DA:102,7
DA:103,2
DA:104,2
DA:105,2
DA:106,7
DA:107,0
DA:108,0
DA:109,5
DA:110,7
DA:111,1
DA:112,1
DA:113,7
DA:114,3
DA:115,3
DA:116,0
DA:117,0
DA:118,3
DA:119,3
DA:120,4
DA:121,4
DA:122,4
DA:130,1
DA:131,9
DA:132,9
DA:133,0
DA:134,0
DA:135,9
DA:136,1
DA:137,1
DA:138,8
DA:139,8
DA:140,8
DA:141,9
DA:142,1
DA:143,1
DA:144,1
DA:145,9
DA:146,0
DA:147,0
DA:148,7
DA:149,7
DA:150,9
DA:151,1
DA:152,0
DA:153,0
DA:154,1
DA:155,1
DA:156,9
DA:157,4
DA:158,2
DA:159,2
DA:160,4
DA:161,1
DA:162,1
DA:163,1
DA:164,1
DA:165,9
DA:166,1
DA:167,1
DA:168,1
DA:169,1
LF:129
LH:119
BRDA:17,0,0,12
BRDA:21,1,0,11
BRDA:25,2,0,2
BRDA:26,3,0,0
BRDA:29,4,0,1
BRDA:30,5,0,1
BRDA:31,6,0,1
BRDA:36,7,0,14
BRDA:37,8,0,0
BRDA:39,9,0,13
BRDA:39,10,0,2
BRDA:39,11,0,12
BRDA:40,12,0,0
BRDA:40,13,0,12
BRDA:41,14,0,1
BRDA:41,15,0,11
BRDA:42,16,0,1
BRDA:42,17,0,10
BRDA:43,18,0,8
BRDA:43,19,0,8
BRDA:43,20,0,3
BRDA:43,21,0,7
BRDA:44,22,0,3
BRDA:44,23,0,0
BRDA:44,24,0,7
BRDA:45,25,0,3
BRDA:45,26,0,0
BRDA:45,27,0,7
BRDA:46,28,0,2
BRDA:46,29,0,1
BRDA:46,30,0,6
BRDA:47,31,0,1
BRDA:47,32,0,0
BRDA:47,33,0,6
BRDA:48,34,0,1
BRDA:48,35,0,0
BRDA:48,36,0,6
BRDA:58,37,0,21
BRDA:60,38,0,2
BRDA:62,39,0,19
BRDA:66,40,0,2
BRDA:67,41,0,0
BRDA:69,42,0,17
BRDA:70,43,0,16
BRDA:70,44,0,15
BRDA:70,45,0,3
BRDA:72,46,0,14
BRDA:74,47,0,3
BRDA:76,48,0,11
BRDA:78,49,0,9
BRDA:80,50,0,7
BRDA:82,51,0,2
BRDA:84,52,0,4
BRDA:95,53,0,7
BRDA:102,54,0,2
BRDA:103,55,0,0
BRDA:105,56,0,5
BRDA:106,57,0,0
BRDA:108,58,0,5
BRDA:110,59,0,1
BRDA:112,60,0,4
BRDA:113,61,0,3
BRDA:115,62,0,0
BRDA:119,63,0,4
BRDA:96,64,0,15
BRDA:96,65,0,15
BRDA:130,66,0,9
BRDA:132,67,0,0
BRDA:135,68,0,1
BRDA:137,69,0,8
BRDA:141,70,0,1
BRDA:142,71,0,0
BRDA:144,72,0,7
BRDA:145,73,0,7
BRDA:145,74,0,0
BRDA:147,75,0,7
BRDA:150,76,0,1
BRDA:151,77,0,0
BRDA:155,78,0,6
BRDA:156,79,0,4
BRDA:157,80,0,2
BRDA:157,81,0,2
BRDA:160,82,0,1
BRDA:164,83,0,2
BRDA:165,84,0,1
BRF:85
BRH:70
end_of_record
